# JRE version: OpenJDK Runtime Environment Corretto-21.0.4.7.1 (21.0.4+7) (build 21.0.4+7-LTS)
# Java VM: OpenJDK 64-Bit Server VM Corretto-21.0.4.7.1 (21.0.4+7-LTS, mixed mode, sharing, tiered, compressed oops, compressed class ptrs, g1 gc, bsd-aarch64)
GC Precious Log:
 CardTable entry size: 512
 Card Set container configuration: InlinePtr #cards 3 size 8 Array Of Cards #cards 128 size 272 Howl #buckets 8 coarsen threshold 29491 Howl Bitmap #cards 4096 size 528 coarsen threshold 3686 Card regions per heap region 1 cards per card region 32768
 CPUs: 16 total, 16 available
 Memory: 128G
 Large Page Support: Disabled
 NUMA Support: Disabled
 Compressed Oops: Enabled (Non-zero based)
 Heap Region Size: 16M
 Heap Min Capacity: 16M
 Heap Initial Capacity: 2G
 Heap Max Capacity: 30208M
 Pre-touch: Disabled
 Parallel Workers: 13
 Concurrent Workers: 3
 Concurrent Refinement Workers: 13
 Periodic GC: Disabled
Heap:
 garbage-first heap   total 2113536K, used 388646K [0x0000000328000000, 0x0000000a88000000)
  region size 16384K, 17 young (278528K), 2 survivors (32768K)
 Metaspace       used 14431K, committed 14784K, reserved 1114112K
  class space    used 1546K, committed 1728K, reserved 1048576K
GC Heap History (8 events):
Event: 5.469 GC heap before
{Heap before GC invocations=0 (full 0):
 garbage-first heap   total 2113536K, used 99341K [0x0000000328000000, 0x0000000a88000000)
  region size 16384K, 6 young (98304K), 0 survivors (0K)
 Metaspace       used 13290K, committed 13568K, reserved 1114112K
  class space    used 1405K, committed 1536K, reserved 1048576K
}
Event: 5.477 GC heap after
{Heap after GC invocations=1 (full 0):
 garbage-first heap   total 2113536K, used 56648K [0x0000000328000000, 0x0000000a88000000)
  region size 16384K, 1 young (16384K), 1 survivors (16384K)
 Metaspace       used 13290K, committed 13568K, reserved 1114112K
  class space    used 1405K, committed 1536K, reserved 1048576K
}
Event: 5.601 GC heap before
{Heap before GC invocations=1 (full 0):
 garbage-first heap   total 2113536K, used 171336K [0x0000000328000000, 0x0000000a88000000)
  region size 16384K, 6 young (98304K), 1 survivors (16384K)
 Metaspace       used 13318K, committed 13568K, reserved 1114112K
  class space    used 1405K, committed 1536K, reserved 1048576K
}
Event: 5.604 GC heap after
{Heap after GC invocations=2 (full 0):
 garbage-first heap   total 2113536K, used 115600K [0x0000000328000000, 0x0000000a88000000)
  region size 16384K, 1 young (16384K), 1 survivors (16384K)
 Metaspace       used 13318K, committed 13568K, reserved 1114112K
  class space    used 1405K, committed 1536K, reserved 1048576K
}
Event: 5.687 GC heap before
{Heap before GC invocations=2 (full 0):
 garbage-first heap   total 2113536K, used 213904K [0x0000000328000000, 0x0000000a88000000)
  region size 16384K, 7 young (114688K), 1 survivors (16384K)
 Metaspace       used 13318K, committed 13568K, reserved 1114112K
  class space    used 1405K, committed 1536K, reserved 1048576K
}
Event: 5.688 GC heap after
{Heap after GC invocations=3 (full 0):
 garbage-first heap   total 2113536K, used 115569K [0x0000000328000000, 0x0000000a88000000)
  region size 16384K, 1 young (16384K), 1 survivors (16384K)
 Metaspace       used 13318K, committed 13568K, reserved 1114112K
  class space    used 1405K, committed 1536K, reserved 1048576K
}
Event: 6.420 GC heap before
{Heap before GC invocations=3 (full 0):
 garbage-first heap   total 2113536K, used 230257K [0x0000000328000000, 0x0000000a88000000)
  region size 16384K, 9 young (147456K), 1 survivors (16384K)
 Metaspace       used 14223K, committed 14528K, reserved 1114112K
  class space    used 1515K, committed 1664K, reserved 1048576K
}
Event: 6.423 GC heap after
{Heap after GC invocations=4 (full 0):
 garbage-first heap   total 2113536K, used 142886K [0x0000000328000000, 0x0000000a88000000)
  region size 16384K, 2 young (32768K), 2 survivors (32768K)
 Metaspace       used 14223K, committed 14528K, reserved 1114112K
  class space    used 1515K, committed 1664K, reserved 1048576K
}

