# JRE version: OpenJDK Runtime Environment Corretto-21.0.4.7.1 (21.0.4+7) (build 21.0.4+7-LTS)
# Java VM: OpenJDK 64-Bit Server VM Corretto-21.0.4.7.1 (21.0.4+7-LTS, mixed mode, sharing, tiered, compressed oops, compressed class ptrs, g1 gc, bsd-aarch64)
GC Precious Log:
 CardTable entry size: 512
 Card Set container configuration: InlinePtr #cards 3 size 8 Array Of Cards #cards 128 size 272 Howl #buckets 8 coarsen threshold 29491 Howl Bitmap #cards 4096 size 528 coarsen threshold 3686 Card regions per heap region 1 cards per card region 32768
 CPUs: 16 total, 16 available
 Memory: 128G
 Large Page Support: Disabled
 NUMA Support: Disabled
 Compressed Oops: Enabled (Non-zero based)
 Heap Region Size: 16M
 Heap Min Capacity: 16M
 Heap Initial Capacity: 2G
 Heap Max Capacity: 30208M
 Pre-touch: Disabled
 Parallel Workers: 13
 Concurrent Workers: 3
 Concurrent Refinement Workers: 13
 Periodic GC: Disabled
Heap:
 garbage-first heap   total 2113536K, used 631748K [0x0000000301000000, 0x0000000a61000000)
  region size 16384K, 35 young (573440K), 5 survivors (81920K)
 Metaspace       used 15734K, committed 16192K, reserved 1114112K
  class space    used 1730K, committed 1920K, reserved 1048576K
GC Heap History (14 events):
Event: 5.317 GC heap before
{Heap before GC invocations=0 (full 0):
 garbage-first heap   total 2113536K, used 148493K [0x0000000301000000, 0x0000000a61000000)
  region size 16384K, 6 young (98304K), 0 survivors (0K)
 Metaspace       used 14065K, committed 14400K, reserved 1114112K
  class space    used 1610K, committed 1792K, reserved 1048576K
}
Event: 5.321 GC heap after
{Heap after GC invocations=1 (full 0):
 garbage-first heap   total 2113536K, used 57736K [0x0000000301000000, 0x0000000a61000000)
  region size 16384K, 1 young (16384K), 1 survivors (16384K)
 Metaspace       used 14065K, committed 14400K, reserved 1114112K
  class space    used 1610K, committed 1792K, reserved 1048576K
}
Event: 5.518 GC heap before
{Heap before GC invocations=1 (full 0):
 garbage-first heap   total 2113536K, used 172424K [0x0000000301000000, 0x0000000a61000000)
  region size 16384K, 6 young (98304K), 1 survivors (16384K)
 Metaspace       used 14183K, committed 14528K, reserved 1114112K
  class space    used 1617K, committed 1792K, reserved 1048576K
}
Event: 5.520 GC heap after
{Heap after GC invocations=2 (full 0):
 garbage-first heap   total 2113536K, used 74283K [0x0000000301000000, 0x0000000a61000000)
  region size 16384K, 1 young (16384K), 1 survivors (16384K)
 Metaspace       used 14183K, committed 14528K, reserved 1114112K
  class space    used 1617K, committed 1792K, reserved 1048576K
}
Event: 5.632 GC heap before
{Heap before GC invocations=2 (full 0):
 garbage-first heap   total 2113536K, used 221739K [0x0000000301000000, 0x0000000a61000000)
  region size 16384K, 7 young (114688K), 1 survivors (16384K)
 Metaspace       used 14191K, committed 14528K, reserved 1114112K
  class space    used 1617K, committed 1792K, reserved 1048576K
}
Event: 5.635 GC heap after
{Heap after GC invocations=3 (full 0):
 garbage-first heap   total 2113536K, used 123247K [0x0000000301000000, 0x0000000a61000000)
  region size 16384K, 1 young (16384K), 1 survivors (16384K)
 Metaspace       used 14191K, committed 14528K, reserved 1114112K
  class space    used 1617K, committed 1792K, reserved 1048576K
}
Event: 6.101 GC heap before
{Heap before GC invocations=3 (full 0):
 garbage-first heap   total 2113536K, used 319855K [0x0000000301000000, 0x0000000a61000000)
  region size 16384K, 13 young (212992K), 1 survivors (16384K)
 Metaspace       used 14193K, committed 14528K, reserved 1114112K
  class space    used 1619K, committed 1792K, reserved 1048576K
}
Event: 6.105 GC heap after
{Heap after GC invocations=4 (full 0):
 garbage-first heap   total 2113536K, used 113647K [0x0000000301000000, 0x0000000a61000000)
  region size 16384K, 1 young (16384K), 1 survivors (16384K)
 Metaspace       used 14193K, committed 14528K, reserved 1114112K
  class space    used 1619K, committed 1792K, reserved 1048576K
}
Event: 43.511 GC heap before
{Heap before GC invocations=4 (full 0):
 garbage-first heap   total 2113536K, used 1522671K [0x0000000301000000, 0x0000000a61000000)
  region size 16384K, 76 young (1245184K), 1 survivors (16384K)
 Metaspace       used 15297K, committed 15680K, reserved 1114112K
  class space    used 1719K, committed 1920K, reserved 1048576K
}
Event: 43.516 GC heap after
{Heap after GC invocations=5 (full 0):
 garbage-first heap   total 2113536K, used 247321K [0x0000000301000000, 0x0000000a61000000)
  region size 16384K, 3 young (49152K), 3 survivors (49152K)
 Metaspace       used 15297K, committed 15680K, reserved 1114112K
  class space    used 1719K, committed 1920K, reserved 1048576K
}
Event: 74.236 GC heap before
{Heap before GC invocations=5 (full 0):
 garbage-first heap   total 2113536K, used 1623577K [0x0000000301000000, 0x0000000a61000000)
  region size 16384K, 76 young (1245184K), 3 survivors (49152K)
 Metaspace       used 15419K, committed 15872K, reserved 1114112K
  class space    used 1722K, committed 1920K, reserved 1048576K
}
Event: 74.239 GC heap after
{Heap after GC invocations=6 (full 0):
 garbage-first heap   total 2113536K, used 217511K [0x0000000301000000, 0x0000000a61000000)
  region size 16384K, 3 young (49152K), 3 survivors (49152K)
 Metaspace       used 15419K, committed 15872K, reserved 1114112K
  class space    used 1722K, committed 1920K, reserved 1048576K
}
Event: 108.171 GC heap before
{Heap before GC invocations=6 (full 0):
 garbage-first heap   total 2113536K, used 1511847K [0x0000000301000000, 0x0000000a61000000)
  region size 16384K, 76 young (1245184K), 3 survivors (49152K)
 Metaspace       used 15678K, committed 16128K, reserved 1114112K
  class space    used 1730K, committed 1920K, reserved 1048576K
}
Event: 108.175 GC heap after
{Heap after GC invocations=7 (full 0):
 garbage-first heap   total 2113536K, used 156612K [0x0000000301000000, 0x0000000a61000000)
  region size 16384K, 5 young (81920K), 5 survivors (81920K)
 Metaspace       used 15678K, committed 16128K, reserved 1114112K
  class space    used 1730K, committed 1920K, reserved 1048576K
}

